<?xml version="1.0" encoding="UTF-8"?>
<coverage generated="1772479549632" clover="3.2.0">
  <project timestamp="1772479549633" name="All files">
    <metrics statements="58" coveredstatements="16" conditionals="14" coveredconditionals="4" methods="12" coveredmethods="4" elements="84" coveredelements="24" complexity="0" loc="58" ncloc="58" packages="3" files="9" classes="9"/>
    <package name="controllers">
      <metrics statements="40" coveredstatements="16" conditionals="4" coveredconditionals="4" methods="10" coveredmethods="4"/>
      <file name="dashboardControllers.ts" path="D:\work dirs\_my_portfolio_\Full Stack\NEXT\7. Inventory Management\jikmunn-inventory-management\server\src\controllers\dashboardControllers.ts">
        <metrics statements="11" coveredstatements="0" conditionals="0" coveredconditionals="0" methods="2" coveredmethods="0"/>
        <line num="4" count="0" type="stmt"/>
        <line num="6" count="0" type="stmt"/>
        <line num="8" count="0" type="stmt"/>
        <line num="10" count="0" type="stmt"/>
        <line num="11" count="0" type="stmt"/>
        <line num="17" count="0" type="stmt"/>
        <line num="23" count="0" type="stmt"/>
        <line num="29" count="0" type="stmt"/>
        <line num="35" count="0" type="stmt"/>
        <line num="50" count="0" type="stmt"/>
        <line num="58" count="0" type="stmt"/>
      </file>
      <file name="expenseControllers.ts" path="D:\work dirs\_my_portfolio_\Full Stack\NEXT\7. Inventory Management\jikmunn-inventory-management\server\src\controllers\expenseControllers.ts">
        <metrics statements="7" coveredstatements="0" conditionals="0" coveredconditionals="0" methods="2" coveredmethods="0"/>
        <line num="4" count="0" type="stmt"/>
        <line num="6" count="0" type="stmt"/>
        <line num="8" count="0" type="stmt"/>
        <line num="10" count="0" type="stmt"/>
        <line num="11" count="0" type="stmt"/>
        <line num="25" count="0" type="stmt"/>
        <line num="27" count="0" type="stmt"/>
      </file>
      <file name="productControllers.ts" path="D:\work dirs\_my_portfolio_\Full Stack\NEXT\7. Inventory Management\jikmunn-inventory-management\server\src\controllers\productControllers.ts">
        <metrics statements="16" coveredstatements="16" conditionals="4" coveredconditionals="4" methods="4" coveredmethods="4"/>
        <line num="1" count="1" type="stmt"/>
        <line num="4" count="1" type="stmt"/>
        <line num="6" count="3" type="stmt"/>
        <line num="8" count="3" type="stmt"/>
        <line num="10" count="3" type="stmt"/>
        <line num="11" count="3" type="cond" truecount="4" falsecount="0"/>
        <line num="12" count="3" type="stmt"/>
        <line num="19" count="2" type="stmt"/>
        <line num="21" count="1" type="stmt"/>
        <line num="25" count="2" type="stmt"/>
        <line num="27" count="2" type="stmt"/>
        <line num="29" count="2" type="stmt"/>
        <line num="30" count="2" type="stmt"/>
        <line num="31" count="2" type="stmt"/>
        <line num="40" count="1" type="stmt"/>
        <line num="42" count="1" type="stmt"/>
      </file>
      <file name="userControllers.ts" path="D:\work dirs\_my_portfolio_\Full Stack\NEXT\7. Inventory Management\jikmunn-inventory-management\server\src\controllers\userControllers.ts">
        <metrics statements="6" coveredstatements="0" conditionals="0" coveredconditionals="0" methods="2" coveredmethods="0"/>
        <line num="4" count="0" type="stmt"/>
        <line num="6" count="0" type="stmt"/>
        <line num="7" count="0" type="stmt"/>
        <line num="8" count="0" type="stmt"/>
        <line num="10" count="0" type="stmt"/>
        <line num="12" count="0" type="stmt"/>
      </file>
    </package>
    <package name="lib">
      <metrics statements="10" coveredstatements="0" conditionals="10" coveredconditionals="0" methods="2" coveredmethods="0"/>
      <file name="logger.ts" path="D:\work dirs\_my_portfolio_\Full Stack\NEXT\7. Inventory Management\jikmunn-inventory-management\server\src\lib\logger.ts">
        <metrics statements="10" coveredstatements="0" conditionals="10" coveredconditionals="0" methods="2" coveredmethods="0"/>
        <line num="3" count="0" type="stmt"/>
        <line num="5" count="0" type="stmt"/>
        <line num="6" count="0" type="cond" truecount="0" falsecount="2"/>
        <line num="7" count="0" type="cond" truecount="0" falsecount="2"/>
        <line num="12" count="0" type="stmt"/>
        <line num="32" count="0" type="cond" truecount="0" falsecount="2"/>
        <line num="33" count="0" type="stmt"/>
        <line num="41" count="0" type="stmt"/>
        <line num="51" count="0" type="stmt"/>
        <line num="53" count="0" type="stmt"/>
      </file>
    </package>
    <package name="routes">
      <metrics statements="8" coveredstatements="0" conditionals="0" coveredconditionals="0" methods="0" coveredmethods="0"/>
      <file name="dashboardRoutes.ts" path="D:\work dirs\_my_portfolio_\Full Stack\NEXT\7. Inventory Management\jikmunn-inventory-management\server\src\routes\dashboardRoutes.ts">
        <metrics statements="2" coveredstatements="0" conditionals="0" coveredconditionals="0" methods="0" coveredmethods="0"/>
        <line num="4" count="0" type="stmt"/>
        <line num="6" count="0" type="stmt"/>
      </file>
      <file name="expenseRoutes.ts" path="D:\work dirs\_my_portfolio_\Full Stack\NEXT\7. Inventory Management\jikmunn-inventory-management\server\src\routes\expenseRoutes.ts">
        <metrics statements="2" coveredstatements="0" conditionals="0" coveredconditionals="0" methods="0" coveredmethods="0"/>
        <line num="4" count="0" type="stmt"/>
        <line num="6" count="0" type="stmt"/>
      </file>
      <file name="productRoutes.ts" path="D:\work dirs\_my_portfolio_\Full Stack\NEXT\7. Inventory Management\jikmunn-inventory-management\server\src\routes\productRoutes.ts">
        <metrics statements="2" coveredstatements="0" conditionals="0" coveredconditionals="0" methods="0" coveredmethods="0"/>
        <line num="4" count="0" type="stmt"/>
        <line num="6" count="0" type="stmt"/>
      </file>
      <file name="userRoutes.ts" path="D:\work dirs\_my_portfolio_\Full Stack\NEXT\7. Inventory Management\jikmunn-inventory-management\server\src\routes\userRoutes.ts">
        <metrics statements="2" coveredstatements="0" conditionals="0" coveredconditionals="0" methods="0" coveredmethods="0"/>
        <line num="4" count="0" type="stmt"/>
        <line num="6" count="0" type="stmt"/>
      </file>
    </package>
  </project>
</coverage>
