TN:
SF:src\controllers\auditLogControllers.ts
FN:10,(anonymous_6)
FN:12,(anonymous_7)
FNF:2
FNH:0
FNDA:0,(anonymous_6)
FNDA:0,(anonymous_7)
DA:10,0
DA:12,0
DA:14,0
DA:15,0
DA:16,0
DA:17,0
DA:19,0
DA:20,0
DA:21,0
DA:22,0
DA:24,0
DA:35,0
DA:37,0
LF:13
LH:0
BRDA:15,0,0,0
BRDA:15,0,1,0
BRDA:16,1,0,0
BRDA:16,1,1,0
BRDA:20,2,0,0
BRDA:20,2,1,0
BRDA:21,3,0,0
BRDA:21,3,1,0
BRDA:22,4,0,0
BRDA:22,4,1,0
BRF:10
BRH:0
end_of_record
TN:
SF:src\controllers\authControllers.ts
FN:12,(anonymous_17)
FN:23,(anonymous_18)
FN:23,(anonymous_19)
FN:57,(anonymous_20)
FN:57,(anonymous_21)
FN:91,(anonymous_22)
FN:93,(anonymous_23)
FN:133,(anonymous_24)
FN:133,(anonymous_25)
FN:160,(anonymous_26)
FN:162,(anonymous_27)
FNF:11
FNH:11
FNDA:3,(anonymous_17)
FNDA:3,(anonymous_18)
FNDA:3,(anonymous_19)
FNDA:4,(anonymous_20)
FNDA:4,(anonymous_21)
FNDA:5,(anonymous_22)
FNDA:5,(anonymous_23)
FNDA:3,(anonymous_24)
FNDA:3,(anonymous_25)
FNDA:4,(anonymous_26)
FNDA:4,(anonymous_27)
DA:1,1
DA:3,1
DA:4,1
DA:5,1
DA:6,1
DA:7,1
DA:9,1
DA:12,1
DA:13,3
DA:16,3
DA:19,3
DA:23,3
DA:24,3
DA:25,3
DA:28,3
DA:29,2
DA:30,1
DA:31,1
DA:34,1
DA:35,1
DA:39,1
DA:41,1
DA:51,1
DA:52,1
DA:57,4
DA:58,4
DA:59,4
DA:61,4
DA:62,3
DA:63,1
DA:64,1
DA:67,2
DA:68,2
DA:69,1
DA:70,1
DA:73,1
DA:75,1
DA:85,1
DA:86,1
DA:91,5
DA:93,5
DA:95,5
DA:96,5
DA:98,5
DA:99,1
DA:100,1
DA:103,4
DA:109,2
DA:112,2
DA:113,1
DA:114,1
DA:117,1
DA:118,1
DA:120,2
DA:124,1
DA:125,1
DA:127,1
DA:128,1
DA:133,3
DA:134,3
DA:135,3
DA:136,3
DA:147,2
DA:148,1
DA:149,1
DA:152,1
DA:154,1
DA:155,1
DA:160,4
DA:162,4
DA:164,4
DA:165,4
DA:166,4
DA:169,4
DA:170,2
DA:173,2
DA:174,1
DA:175,1
DA:179,3
DA:193,2
DA:195,1
DA:196,1
LF:82
LH:82
BRDA:29,0,0,1
BRDA:29,0,1,1
BRDA:62,1,0,1
BRDA:62,1,1,2
BRDA:68,2,0,1
BRDA:68,2,1,1
BRDA:98,3,0,1
BRDA:98,3,1,4
BRDA:112,4,0,1
BRDA:112,4,1,1
BRDA:120,5,0,1
BRDA:120,5,1,1
BRDA:121,6,0,2
BRDA:121,6,1,1
BRDA:147,7,0,1
BRDA:147,7,1,1
BRDA:169,8,0,2
BRDA:169,8,1,2
BRDA:173,9,0,1
BRDA:173,9,1,1
BRDA:182,10,0,3
BRDA:182,10,1,2
BRDA:183,11,0,3
BRDA:183,11,1,1
BRF:24
BRH:24
end_of_record
TN:
SF:src\controllers\dashboardControllers.ts
FN:13,(anonymous_22)
FN:15,(anonymous_23)
FN:75,(anonymous_25)
FN:77,(anonymous_26)
FN:155,(anonymous_27)
FN:157,(anonymous_28)
FN:215,(anonymous_29)
FN:242,(anonymous_31)
FN:244,(anonymous_32)
FN:304,(anonymous_33)
FN:309,(anonymous_34)
FN:325,(anonymous_36)
FN:326,(anonymous_37)
FN:360,(anonymous_38)
FN:362,(anonymous_39)
FN:393,(anonymous_40)
FN:395,(anonymous_41)
FNF:17
FNH:11
FNDA:2,(anonymous_22)
FNDA:2,(anonymous_23)
FNDA:2,(anonymous_25)
FNDA:2,(anonymous_26)
FNDA:3,(anonymous_27)
FNDA:3,(anonymous_28)
FNDA:1,(anonymous_29)
FNDA:0,(anonymous_31)
FNDA:0,(anonymous_32)
FNDA:0,(anonymous_33)
FNDA:0,(anonymous_34)
FNDA:0,(anonymous_36)
FNDA:0,(anonymous_37)
FNDA:2,(anonymous_38)
FNDA:2,(anonymous_39)
FNDA:4,(anonymous_40)
FNDA:4,(anonymous_41)
DA:3,1
DA:4,1
DA:5,1
DA:6,1
DA:13,2
DA:15,2
DA:17,2
DA:18,2
DA:24,1
DA:30,1
DA:36,1
DA:42,1
DA:57,1
DA:65,1
DA:75,2
DA:77,2
DA:79,2
DA:80,2
DA:81,2
DA:82,2
DA:92,2
DA:122,1
DA:123,1
DA:125,1
DA:127,1
DA:128,1
DA:130,1
DA:134,1
DA:145,1
DA:155,3
DA:157,3
DA:159,3
DA:160,3
DA:165,3
DA:167,1
DA:168,1
DA:169,1
DA:171,0
DA:172,0
DA:173,0
DA:176,2
DA:177,2
DA:178,2
DA:181,3
DA:183,3
DA:189,2
DA:191,2
DA:192,3
DA:195,3
DA:196,3
DA:197,0
DA:198,0
DA:201,0
DA:202,0
DA:203,0
DA:204,0
DA:205,0
DA:208,3
DA:209,2
DA:211,3
DA:214,2
DA:215,1
DA:231,2
DA:233,1
DA:242,1
DA:244,0
DA:246,0
DA:247,0
DA:250,0
DA:254,0
DA:263,0
DA:304,0
DA:305,0
DA:309,0
DA:311,0
DA:319,0
DA:320,0
DA:321,0
DA:322,0
DA:324,0
DA:325,0
DA:326,0
DA:328,0
DA:329,0
DA:330,0
DA:332,0
DA:350,0
DA:360,2
DA:362,2
DA:364,2
DA:365,2
DA:380,1
DA:382,1
DA:393,4
DA:395,4
DA:397,4
DA:398,4
DA:399,4
DA:401,4
DA:402,0
DA:407,0
DA:410,4
DA:425,3
DA:426,1
DA:427,1
DA:430,2
DA:432,2
DA:439,1
LF:108
LH:74
BRDA:122,0,0,1
BRDA:122,0,1,0
BRDA:122,1,0,1
BRDA:122,1,1,1
BRDA:123,2,0,1
BRDA:123,2,1,0
BRDA:123,3,0,1
BRDA:123,3,1,1
BRDA:125,4,0,1
BRDA:125,4,1,0
BRDA:127,5,0,1
BRDA:127,5,1,0
BRDA:127,6,0,1
BRDA:127,6,1,1
BRDA:128,7,0,1
BRDA:128,7,1,0
BRDA:128,8,0,1
BRDA:128,8,1,1
BRDA:130,9,0,1
BRDA:130,9,1,0
BRDA:142,10,0,1
BRDA:142,10,1,0
BRDA:142,11,0,1
BRDA:142,11,1,1
BRDA:142,12,0,0
BRDA:142,12,1,1
BRDA:142,13,0,1
BRDA:142,13,1,1
BRDA:160,14,0,3
BRDA:160,14,1,2
BRDA:165,15,0,1
BRDA:165,15,1,0
BRDA:165,15,2,2
BRDA:165,15,3,2
BRDA:195,16,0,3
BRDA:195,16,1,0
BRDA:197,17,0,0
BRDA:197,17,1,0
BRDA:202,18,0,0
BRDA:202,18,1,0
BRDA:208,19,0,2
BRDA:208,19,1,1
BRDA:222,20,0,1
BRDA:222,20,1,1
BRDA:222,21,0,2
BRDA:222,21,1,1
BRDA:247,22,0,0
BRDA:247,22,1,0
BRDA:250,23,0,0
BRDA:250,23,1,0
BRDA:313,24,0,0
BRDA:313,24,1,0
BRDA:313,25,0,0
BRDA:313,25,1,0
BRDA:313,26,0,0
BRDA:313,26,1,0
BRDA:313,27,0,0
BRDA:313,27,1,0
BRDA:314,28,0,0
BRDA:314,28,1,0
BRDA:314,29,0,0
BRDA:314,29,1,0
BRDA:315,30,0,0
BRDA:315,30,1,0
BRDA:315,31,0,0
BRDA:315,31,1,0
BRDA:322,32,0,0
BRDA:322,32,1,0
BRDA:322,33,0,0
BRDA:322,33,1,0
BRDA:328,34,0,0
BRDA:328,34,1,0
BRDA:328,35,0,0
BRDA:328,35,1,0
BRDA:329,36,0,0
BRDA:329,36,1,0
BRDA:329,37,0,0
BRDA:329,37,1,0
BRDA:330,38,0,0
BRDA:330,38,1,0
BRDA:330,39,0,0
BRDA:330,39,1,0
BRDA:340,40,0,0
BRDA:340,40,1,0
BRDA:340,41,0,0
BRDA:340,41,1,0
BRDA:340,42,0,0
BRDA:340,42,1,0
BRDA:340,43,0,0
BRDA:340,43,1,0
BRDA:399,44,0,4
BRDA:399,44,1,1
BRDA:401,45,0,0
BRDA:401,45,1,4
BRDA:425,46,0,1
BRDA:425,46,1,2
BRDA:435,47,0,2
BRDA:435,47,1,1
BRF:98
BRH:39
end_of_record
TN:
SF:src\controllers\expenseControllers.ts
FN:11,(anonymous_21)
FN:13,(anonymous_22)
FN:45,(anonymous_24)
FN:47,(anonymous_25)
FN:71,(anonymous_26)
FN:73,(anonymous_27)
FN:95,(anonymous_28)
FN:97,(anonymous_29)
FN:132,(anonymous_30)
FN:134,(anonymous_31)
FNF:10
FNH:10
FNDA:2,(anonymous_21)
FNDA:2,(anonymous_22)
FNDA:3,(anonymous_24)
FNDA:3,(anonymous_25)
FNDA:2,(anonymous_26)
FNDA:2,(anonymous_27)
FNDA:3,(anonymous_28)
FNDA:3,(anonymous_29)
FNDA:3,(anonymous_30)
FNDA:3,(anonymous_31)
DA:2,1
DA:3,1
DA:11,2
DA:13,2
DA:15,2
DA:16,2
DA:17,2
DA:18,2
DA:20,2
DA:34,1
DA:36,1
DA:45,3
DA:47,3
DA:49,3
DA:50,3
DA:51,3
DA:55,2
DA:56,1
DA:57,1
DA:60,1
DA:62,1
DA:71,2
DA:73,2
DA:75,2
DA:76,2
DA:77,2
DA:84,1
DA:86,1
DA:95,3
DA:97,3
DA:99,3
DA:100,3
DA:101,3
DA:103,3
DA:107,2
DA:108,1
DA:109,1
DA:112,1
DA:121,1
DA:123,1
DA:132,3
DA:134,3
DA:136,3
DA:137,3
DA:139,3
DA:143,2
DA:144,1
DA:145,1
DA:148,1
DA:149,1
DA:151,1
LF:51
LH:51
BRDA:16,0,0,2
BRDA:16,0,1,2
BRDA:17,1,0,2
BRDA:17,1,1,2
BRDA:55,2,0,1
BRDA:55,2,1,1
BRDA:81,3,0,0
BRDA:81,3,1,2
BRDA:107,4,0,1
BRDA:107,4,1,1
BRDA:115,5,0,1
BRDA:115,5,1,1
BRDA:116,6,0,1
BRDA:116,6,1,0
BRDA:117,7,0,1
BRDA:117,7,1,0
BRDA:143,8,0,1
BRDA:143,8,1,1
BRF:18
BRH:15
end_of_record
TN:
SF:src\controllers\importControllers.ts
FN:11,(anonymous_6)
FN:13,(anonymous_7)
FN:94,(anonymous_8)
FN:96,(anonymous_9)
FN:153,(anonymous_10)
FN:155,(anonymous_11)
FNF:6
FNH:0
FNDA:0,(anonymous_6)
FNDA:0,(anonymous_7)
FNDA:0,(anonymous_8)
FNDA:0,(anonymous_9)
FNDA:0,(anonymous_10)
FNDA:0,(anonymous_11)
DA:11,0
DA:13,0
DA:15,0
DA:16,0
DA:18,0
DA:19,0
DA:20,0
DA:23,0
DA:24,0
DA:25,0
DA:27,0
DA:28,0
DA:29,0
DA:30,0
DA:35,0
DA:39,0
DA:49,0
DA:51,0
DA:52,0
DA:56,0
DA:59,0
DA:71,0
DA:78,0
DA:86,0
DA:94,0
DA:96,0
DA:98,0
DA:99,0
DA:101,0
DA:102,0
DA:107,0
DA:110,0
DA:111,0
DA:112,0
DA:114,0
DA:115,0
DA:116,0
DA:120,0
DA:122,0
DA:123,0
DA:130,0
DA:131,0
DA:139,0
DA:146,0
DA:153,0
DA:155,0
DA:157,0
DA:158,0
DA:159,0
DA:160,0
DA:162,0
DA:171,0
DA:173,0
LF:53
LH:0
BRDA:18,0,0,0
BRDA:18,0,1,0
BRDA:18,1,0,0
BRDA:18,1,1,0
BRDA:30,2,0,0
BRDA:30,2,1,0
BRDA:31,3,0,0
BRDA:31,3,1,0
BRDA:31,3,2,0
BRDA:43,4,0,0
BRDA:43,4,1,0
BRDA:43,5,0,0
BRDA:43,5,1,0
BRDA:45,6,0,0
BRDA:45,6,1,0
BRDA:45,7,0,0
BRDA:45,7,1,0
BRDA:46,8,0,0
BRDA:46,8,1,0
BRDA:46,9,0,0
BRDA:46,9,1,0
BRDA:56,10,0,0
BRDA:56,10,1,0
BRDA:56,11,0,0
BRDA:56,11,1,0
BRDA:61,12,0,0
BRDA:61,12,1,0
BRDA:61,13,0,0
BRDA:61,13,1,0
BRDA:66,14,0,0
BRDA:66,14,1,0
BRDA:101,15,0,0
BRDA:101,15,1,0
BRDA:101,16,0,0
BRDA:101,16,1,0
BRDA:130,17,0,0
BRDA:130,17,1,0
BRDA:130,18,0,0
BRDA:130,18,1,0
BRDA:158,19,0,0
BRDA:158,19,1,0
BRDA:159,20,0,0
BRDA:159,20,1,0
BRF:43
BRH:0
end_of_record
TN:
SF:src\controllers\metricsControllers.ts
FN:9,(anonymous_14)
FN:11,(anonymous_15)
FN:68,(anonymous_17)
FN:72,(anonymous_18)
FNF:4
FNH:0
FNDA:0,(anonymous_14)
FNDA:0,(anonymous_15)
FNDA:0,(anonymous_17)
FNDA:0,(anonymous_18)
DA:9,0
DA:11,0
DA:13,0
DA:14,0
DA:15,0
DA:17,0
DA:26,0
DA:53,0
DA:62,0
DA:68,0
DA:72,0
DA:78,0
LF:12
LH:0
BRDA:14,0,0,0
BRDA:14,0,1,0
BRDA:56,1,0,0
BRDA:56,1,1,0
BRDA:56,2,0,0
BRDA:56,2,1,0
BRDA:59,3,0,0
BRDA:59,3,1,0
BRDA:66,4,0,0
BRDA:66,4,1,0
BRDA:66,5,0,0
BRDA:66,5,1,0
BRF:12
BRH:0
end_of_record
TN:
SF:src\controllers\orderControllers.ts
FN:25,(anonymous_6)
FN:25,(anonymous_7)
FN:59,(anonymous_8)
FN:61,(anonymous_9)
FN:84,(anonymous_10)
FN:86,(anonymous_11)
FN:101,(anonymous_12)
FN:134,(anonymous_13)
FN:136,(anonymous_14)
FN:205,(anonymous_15)
FN:207,(anonymous_16)
FNF:11
FNH:0
FNDA:0,(anonymous_6)
FNDA:0,(anonymous_7)
FNDA:0,(anonymous_8)
FNDA:0,(anonymous_9)
FNDA:0,(anonymous_10)
FNDA:0,(anonymous_11)
FNDA:0,(anonymous_12)
FNDA:0,(anonymous_13)
FNDA:0,(anonymous_14)
FNDA:0,(anonymous_15)
FNDA:0,(anonymous_16)
DA:7,0
DA:14,0
DA:25,0
DA:26,0
DA:27,0
DA:28,0
DA:29,0
DA:31,0
DA:32,0
DA:36,0
DA:39,0
DA:50,0
DA:52,0
DA:59,0
DA:61,0
DA:63,0
DA:64,0
DA:69,0
DA:70,0
DA:71,0
DA:74,0
DA:76,0
DA:84,0
DA:86,0
DA:88,0
DA:89,0
DA:91,0
DA:92,0
DA:93,0
DA:96,0
DA:105,0
DA:116,0
DA:117,0
DA:124,0
DA:126,0
DA:134,0
DA:136,0
DA:138,0
DA:139,0
DA:140,0
DA:142,0
DA:143,0
DA:148,0
DA:151,0
DA:156,0
DA:157,0
DA:158,0
DA:161,0
DA:162,0
DA:163,0
DA:168,0
DA:172,0
DA:173,0
DA:174,0
DA:181,0
DA:187,0
DA:188,0
DA:196,0
DA:198,0
DA:205,0
DA:207,0
DA:209,0
DA:210,0
DA:211,0
DA:213,0
DA:214,0
DA:215,0
DA:218,0
DA:219,0
DA:220,0
DA:223,0
DA:225,0
DA:226,0
DA:228,0
DA:230,0
LF:75
LH:0
BRDA:27,0,0,0
BRDA:27,0,1,0
BRDA:28,1,0,0
BRDA:28,1,1,0
BRDA:32,2,0,0
BRDA:32,2,1,0
BRDA:33,3,0,0
BRDA:33,3,1,0
BRDA:69,4,0,0
BRDA:69,4,1,0
BRDA:91,5,0,0
BRDA:91,5,1,0
BRDA:91,6,0,0
BRDA:91,6,1,0
BRDA:91,6,2,0
BRDA:116,7,0,0
BRDA:116,7,1,0
BRDA:116,8,0,0
BRDA:116,8,1,0
BRDA:142,9,0,0
BRDA:142,9,1,0
BRDA:142,10,0,0
BRDA:142,10,1,0
BRDA:156,11,0,0
BRDA:156,11,1,0
BRDA:161,12,0,0
BRDA:161,12,1,0
BRDA:161,13,0,0
BRDA:161,13,1,0
BRDA:162,14,0,0
BRDA:162,14,1,0
BRDA:166,15,0,0
BRDA:166,15,1,0
BRDA:172,16,0,0
BRDA:172,16,1,0
BRDA:187,17,0,0
BRDA:187,17,1,0
BRDA:187,18,0,0
BRDA:187,18,1,0
BRDA:213,19,0,0
BRDA:213,19,1,0
BRDA:218,20,0,0
BRDA:218,20,1,0
BRDA:225,21,0,0
BRDA:225,21,1,0
BRDA:225,22,0,0
BRDA:225,22,1,0
BRF:47
BRH:0
end_of_record
TN:
SF:src\controllers\productControllers.ts
FN:10,(anonymous_18)
FN:12,(anonymous_19)
FN:38,(anonymous_20)
FN:40,(anonymous_21)
FN:64,(anonymous_22)
FN:66,(anonymous_23)
FN:90,(anonymous_24)
FN:92,(anonymous_25)
FN:123,(anonymous_26)
FN:125,(anonymous_27)
FN:149,(anonymous_28)
FN:151,(anonymous_29)
FNF:12
FNH:10
FNDA:4,(anonymous_18)
FNDA:4,(anonymous_19)
FNDA:3,(anonymous_20)
FNDA:3,(anonymous_21)
FNDA:3,(anonymous_22)
FNDA:3,(anonymous_23)
FNDA:3,(anonymous_24)
FNDA:3,(anonymous_25)
FNDA:0,(anonymous_26)
FNDA:0,(anonymous_27)
FNDA:3,(anonymous_28)
FNDA:3,(anonymous_29)
DA:2,1
DA:3,1
DA:10,4
DA:12,4
DA:14,4
DA:15,4
DA:16,4
DA:17,4
DA:18,4
DA:20,4
DA:22,4
DA:27,3
DA:29,1
DA:38,3
DA:40,3
DA:42,3
DA:43,3
DA:44,3
DA:48,2
DA:49,1
DA:50,1
DA:53,1
DA:55,1
DA:64,3
DA:66,3
DA:68,3
DA:69,3
DA:70,3
DA:79,2
DA:81,1
DA:90,3
DA:92,3
DA:94,3
DA:95,3
DA:96,3
DA:98,3
DA:102,2
DA:103,1
DA:104,1
DA:107,1
DA:112,1
DA:114,1
DA:123,1
DA:125,0
DA:127,0
DA:128,0
DA:129,0
DA:133,0
DA:134,0
DA:135,0
DA:138,0
DA:140,0
DA:149,3
DA:151,3
DA:153,3
DA:154,3
DA:156,3
DA:160,2
DA:161,1
DA:162,1
DA:165,1
DA:166,1
DA:168,1
LF:63
LH:54
BRDA:15,0,0,3
BRDA:15,0,1,1
BRDA:15,1,0,4
BRDA:15,1,1,4
BRDA:16,2,0,4
BRDA:16,2,1,3
BRDA:17,3,0,4
BRDA:17,3,1,3
BRDA:20,4,0,1
BRDA:20,4,1,3
BRDA:48,5,0,1
BRDA:48,5,1,1
BRDA:76,6,0,3
BRDA:76,6,1,1
BRDA:102,7,0,1
BRDA:102,7,1,1
BRDA:133,8,0,0
BRDA:133,8,1,0
BRDA:160,9,0,1
BRDA:160,9,1,1
BRF:20
BRH:18
end_of_record
TN:
SF:src\controllers\purchaseControllers.ts
FN:10,(anonymous_21)
FN:12,(anonymous_22)
FN:40,(anonymous_23)
FN:42,(anonymous_24)
FN:68,(anonymous_25)
FN:70,(anonymous_26)
FN:99,(anonymous_27)
FN:101,(anonymous_28)
FN:143,(anonymous_29)
FN:145,(anonymous_30)
FNF:10
FNH:10
FNDA:2,(anonymous_21)
FNDA:2,(anonymous_22)
FNDA:3,(anonymous_23)
FNDA:3,(anonymous_24)
FNDA:2,(anonymous_25)
FNDA:2,(anonymous_26)
FNDA:3,(anonymous_27)
FNDA:3,(anonymous_28)
FNDA:3,(anonymous_29)
FNDA:3,(anonymous_30)
DA:2,1
DA:3,1
DA:10,2
DA:12,2
DA:14,2
DA:15,2
DA:16,2
DA:17,2
DA:19,2
DA:29,1
DA:31,1
DA:40,3
DA:42,3
DA:44,3
DA:45,3
DA:46,3
DA:51,2
DA:52,1
DA:53,1
DA:56,1
DA:58,1
DA:68,2
DA:70,2
DA:72,2
DA:73,2
DA:74,2
DA:76,2
DA:87,1
DA:89,1
DA:99,3
DA:101,3
DA:103,3
DA:104,3
DA:105,3
DA:107,3
DA:111,2
DA:112,1
DA:113,1
DA:116,1
DA:117,1
DA:118,1
DA:120,1
DA:132,1
DA:134,1
DA:143,3
DA:145,3
DA:147,3
DA:148,3
DA:150,3
DA:154,2
DA:155,1
DA:156,1
DA:159,1
DA:160,1
DA:162,1
LF:55
LH:55
BRDA:15,0,0,2
BRDA:15,0,1,2
BRDA:16,1,0,2
BRDA:16,1,1,2
BRDA:51,2,0,1
BRDA:51,2,1,1
BRDA:82,3,0,0
BRDA:82,3,1,2
BRDA:111,4,0,1
BRDA:111,4,1,1
BRDA:116,5,0,1
BRDA:116,5,1,0
BRDA:116,6,0,1
BRDA:116,6,1,1
BRDA:117,7,0,0
BRDA:117,7,1,1
BRDA:117,8,0,1
BRDA:117,8,1,1
BRDA:123,9,0,1
BRDA:123,9,1,0
BRDA:124,10,0,1
BRDA:124,10,1,1
BRDA:125,11,0,1
BRDA:125,11,1,0
BRDA:127,12,0,1
BRDA:127,12,1,0
BRDA:154,13,0,1
BRDA:154,13,1,1
BRF:28
BRH:22
end_of_record
TN:
SF:src\controllers\salesControllers.ts
FN:10,(anonymous_21)
FN:10,(anonymous_22)
FN:37,(anonymous_23)
FN:39,(anonymous_24)
FN:65,(anonymous_25)
FN:67,(anonymous_26)
FN:96,(anonymous_27)
FN:98,(anonymous_28)
FN:140,(anonymous_29)
FN:142,(anonymous_30)
FNF:10
FNH:10
FNDA:2,(anonymous_21)
FNDA:2,(anonymous_22)
FNDA:3,(anonymous_23)
FNDA:3,(anonymous_24)
FNDA:2,(anonymous_25)
FNDA:2,(anonymous_26)
FNDA:3,(anonymous_27)
FNDA:3,(anonymous_28)
FNDA:3,(anonymous_29)
FNDA:3,(anonymous_30)
DA:2,1
DA:3,1
DA:10,2
DA:11,2
DA:12,2
DA:13,2
DA:14,2
DA:16,2
DA:26,1
DA:28,1
DA:37,3
DA:39,3
DA:41,3
DA:42,3
DA:43,3
DA:48,2
DA:49,1
DA:50,1
DA:53,1
DA:55,1
DA:65,2
DA:67,2
DA:69,2
DA:70,2
DA:71,2
DA:73,2
DA:84,1
DA:86,1
DA:96,3
DA:98,3
DA:100,3
DA:101,3
DA:102,3
DA:104,3
DA:108,2
DA:109,1
DA:110,1
DA:113,1
DA:114,1
DA:115,1
DA:117,1
DA:129,1
DA:131,1
DA:140,3
DA:142,3
DA:144,3
DA:145,3
DA:147,3
DA:151,2
DA:152,1
DA:153,1
DA:156,1
DA:157,1
DA:159,1
LF:54
LH:54
BRDA:12,0,0,2
BRDA:12,0,1,2
BRDA:13,1,0,2
BRDA:13,1,1,2
BRDA:48,2,0,1
BRDA:48,2,1,1
BRDA:79,3,0,0
BRDA:79,3,1,2
BRDA:108,4,0,1
BRDA:108,4,1,1
BRDA:113,5,0,1
BRDA:113,5,1,0
BRDA:113,6,0,1
BRDA:113,6,1,1
BRDA:114,7,0,0
BRDA:114,7,1,1
BRDA:114,8,0,1
BRDA:114,8,1,1
BRDA:120,9,0,1
BRDA:120,9,1,0
BRDA:121,10,0,1
BRDA:121,10,1,1
BRDA:122,11,0,1
BRDA:122,11,1,0
BRDA:124,12,0,1
BRDA:124,12,1,0
BRDA:151,13,0,1
BRDA:151,13,1,1
BRF:28
BRH:22
end_of_record
TN:
SF:src\controllers\supplierControllers.ts
FN:10,(anonymous_6)
FN:12,(anonymous_7)
FN:41,(anonymous_8)
FN:43,(anonymous_9)
FN:71,(anonymous_10)
FN:73,(anonymous_11)
FN:98,(anonymous_12)
FN:100,(anonymous_13)
FN:136,(anonymous_14)
FN:138,(anonymous_15)
FNF:10
FNH:0
FNDA:0,(anonymous_6)
FNDA:0,(anonymous_7)
FNDA:0,(anonymous_8)
FNDA:0,(anonymous_9)
FNDA:0,(anonymous_10)
FNDA:0,(anonymous_11)
FNDA:0,(anonymous_12)
FNDA:0,(anonymous_13)
FNDA:0,(anonymous_14)
FNDA:0,(anonymous_15)
DA:10,0
DA:12,0
DA:14,0
DA:15,0
DA:16,0
DA:17,0
DA:18,0
DA:20,0
DA:22,0
DA:32,0
DA:34,0
DA:41,0
DA:43,0
DA:45,0
DA:46,0
DA:57,0
DA:58,0
DA:59,0
DA:62,0
DA:64,0
DA:71,0
DA:73,0
DA:75,0
DA:76,0
DA:77,0
DA:81,0
DA:82,0
DA:89,0
DA:91,0
DA:98,0
DA:100,0
DA:102,0
DA:103,0
DA:104,0
DA:108,0
DA:109,0
DA:110,0
DA:113,0
DA:118,0
DA:119,0
DA:127,0
DA:129,0
DA:136,0
DA:138,0
DA:140,0
DA:141,0
DA:142,0
DA:146,0
DA:147,0
DA:148,0
DA:151,0
DA:153,0
DA:154,0
DA:156,0
DA:158,0
LF:55
LH:0
BRDA:15,0,0,0
BRDA:15,0,1,0
BRDA:16,1,0,0
BRDA:16,1,1,0
BRDA:18,2,0,0
BRDA:18,2,1,0
BRDA:18,3,0,0
BRDA:18,3,1,0
BRDA:20,4,0,0
BRDA:20,4,1,0
BRDA:57,5,0,0
BRDA:57,5,1,0
BRDA:81,6,0,0
BRDA:81,6,1,0
BRDA:81,7,0,0
BRDA:81,7,1,0
BRDA:108,8,0,0
BRDA:108,8,1,0
BRDA:118,9,0,0
BRDA:118,9,1,0
BRDA:118,10,0,0
BRDA:118,10,1,0
BRDA:146,11,0,0
BRDA:146,11,1,0
BRDA:153,12,0,0
BRDA:153,12,1,0
BRDA:153,13,0,0
BRDA:153,13,1,0
BRF:28
BRH:0
end_of_record
TN:
SF:src\controllers\userControllers.ts
FN:23,(anonymous_13)
FN:23,(anonymous_14)
FN:45,(anonymous_15)
FN:47,(anonymous_16)
FN:73,(anonymous_17)
FN:75,(anonymous_18)
FN:105,(anonymous_19)
FN:107,(anonymous_20)
FN:139,(anonymous_21)
FN:141,(anonymous_22)
FNF:10
FNH:10
FNDA:3,(anonymous_13)
FNDA:3,(anonymous_14)
FNDA:3,(anonymous_15)
FNDA:3,(anonymous_16)
FNDA:3,(anonymous_17)
FNDA:3,(anonymous_18)
FNDA:3,(anonymous_19)
FNDA:3,(anonymous_20)
FNDA:3,(anonymous_21)
FNDA:3,(anonymous_22)
DA:1,1
DA:3,1
DA:4,1
DA:6,1
DA:9,1
DA:23,3
DA:24,3
DA:25,3
DA:26,3
DA:27,3
DA:29,3
DA:34,2
DA:36,1
DA:45,3
DA:47,3
DA:49,3
DA:50,3
DA:51,3
DA:56,2
DA:57,1
DA:58,1
DA:61,1
DA:63,1
DA:73,3
DA:75,3
DA:77,3
DA:78,3
DA:80,3
DA:81,3
DA:82,1
DA:83,1
DA:86,2
DA:90,2
DA:94,1
DA:96,1
DA:105,3
DA:107,3
DA:109,3
DA:110,3
DA:111,3
DA:113,3
DA:117,2
DA:118,1
DA:119,1
DA:122,1
DA:128,1
DA:130,1
DA:139,3
DA:141,3
DA:143,3
DA:144,3
DA:146,3
DA:150,2
DA:151,1
DA:152,1
DA:155,1
DA:156,1
DA:158,1
LF:58
LH:58
BRDA:25,0,0,3
BRDA:25,0,1,2
BRDA:26,1,0,3
BRDA:26,1,1,2
BRDA:56,2,0,1
BRDA:56,2,1,1
BRDA:81,3,0,1
BRDA:81,3,1,2
BRDA:87,4,0,2
BRDA:87,4,1,1
BRDA:91,5,0,2
BRDA:91,5,1,2
BRDA:117,6,0,1
BRDA:117,6,1,1
BRDA:150,7,0,1
BRDA:150,7,1,1
BRF:16
BRH:16
end_of_record
TN:
SF:src\controllers\warehouseControllers.ts
FN:10,(anonymous_6)
FN:12,(anonymous_7)
FN:42,(anonymous_8)
FN:44,(anonymous_9)
FN:71,(anonymous_10)
FN:73,(anonymous_11)
FN:98,(anonymous_12)
FN:100,(anonymous_13)
FN:130,(anonymous_14)
FN:132,(anonymous_15)
FN:159,(anonymous_16)
FN:161,(anonymous_17)
FN:188,(anonymous_18)
FN:190,(anonymous_19)
FNF:14
FNH:0
FNDA:0,(anonymous_6)
FNDA:0,(anonymous_7)
FNDA:0,(anonymous_8)
FNDA:0,(anonymous_9)
FNDA:0,(anonymous_10)
FNDA:0,(anonymous_11)
FNDA:0,(anonymous_12)
FNDA:0,(anonymous_13)
FNDA:0,(anonymous_14)
FNDA:0,(anonymous_15)
FNDA:0,(anonymous_16)
FNDA:0,(anonymous_17)
FNDA:0,(anonymous_18)
FNDA:0,(anonymous_19)
DA:10,0
DA:12,0
DA:14,0
DA:15,0
DA:16,0
DA:17,0
DA:19,0
DA:33,0
DA:35,0
DA:42,0
DA:44,0
DA:46,0
DA:47,0
DA:57,0
DA:58,0
DA:59,0
DA:62,0
DA:64,0
DA:71,0
DA:73,0
DA:75,0
DA:76,0
DA:77,0
DA:81,0
DA:82,0
DA:89,0
DA:91,0
DA:98,0
DA:100,0
DA:102,0
DA:103,0
DA:104,0
DA:108,0
DA:109,0
DA:110,0
DA:113,0
DA:118,0
DA:119,0
DA:121,0
DA:123,0
DA:130,0
DA:132,0
DA:134,0
DA:135,0
DA:136,0
DA:140,0
DA:141,0
DA:142,0
DA:145,0
DA:147,0
DA:148,0
DA:150,0
DA:152,0
DA:159,0
DA:161,0
DA:163,0
DA:164,0
DA:165,0
DA:167,0
DA:168,0
DA:169,0
DA:172,0
DA:179,0
DA:181,0
DA:188,0
DA:190,0
DA:192,0
DA:193,0
DA:195,0
DA:196,0
DA:201,0
DA:204,0
DA:205,0
DA:206,0
DA:210,0
DA:216,0
DA:217,0
DA:218,0
DA:222,0
DA:238,0
DA:239,0
DA:253,0
DA:255,0
LF:83
LH:0
BRDA:15,0,0,0
BRDA:15,0,1,0
BRDA:16,1,0,0
BRDA:16,1,1,0
BRDA:57,2,0,0
BRDA:57,2,1,0
BRDA:81,3,0,0
BRDA:81,3,1,0
BRDA:81,4,0,0
BRDA:81,4,1,0
BRDA:108,5,0,0
BRDA:108,5,1,0
BRDA:118,6,0,0
BRDA:118,6,1,0
BRDA:118,7,0,0
BRDA:118,7,1,0
BRDA:140,8,0,0
BRDA:140,8,1,0
BRDA:147,9,0,0
BRDA:147,9,1,0
BRDA:147,10,0,0
BRDA:147,10,1,0
BRDA:167,11,0,0
BRDA:167,11,1,0
BRDA:167,12,0,0
BRDA:167,12,1,0
BRDA:195,13,0,0
BRDA:195,13,1,0
BRDA:195,14,0,0
BRDA:195,14,1,0
BRDA:195,14,2,0
BRDA:195,14,3,0
BRDA:204,15,0,0
BRDA:204,15,1,0
BRDA:216,16,0,0
BRDA:216,16,1,0
BRDA:216,17,0,0
BRDA:216,17,1,0
BRDA:238,18,0,0
BRDA:238,18,1,0
BRDA:238,19,0,0
BRDA:238,19,1,0
BRF:42
BRH:0
end_of_record
TN:
SF:src\lib\apiResponse.ts
FN:21,(anonymous_3)
FN:35,(anonymous_4)
FNF:2
FNH:2
FNDA:59,(anonymous_3)
FNDA:8,(anonymous_4)
DA:21,59
DA:27,59
DA:28,59
DA:29,59
DA:35,8
DA:42,8
DA:51,8
LF:7
LH:7
BRDA:28,0,0,0
BRDA:28,0,1,59
BRF:2
BRH:1
end_of_record
TN:
SF:src\lib\audit.ts
FNF:0
FNH:0
DA:19,0
DA:20,0
LF:2
LH:0
BRDA:25,0,0,0
BRDA:25,0,1,0
BRDA:25,1,0,0
BRDA:25,1,1,0
BRDA:27,2,0,0
BRDA:27,2,1,0
BRF:6
BRH:0
end_of_record
TN:
SF:src\lib\env.ts
FN:16,(anonymous_0)
FN:16,(anonymous_1)
FN:32,(anonymous_2)
FN:47,(anonymous_3)
FNF:4
FNH:0
FNDA:0,(anonymous_0)
FNDA:0,(anonymous_1)
FNDA:0,(anonymous_2)
FNDA:0,(anonymous_3)
DA:5,0
DA:7,0
DA:16,0
DA:32,0
DA:42,0
DA:43,0
DA:45,0
DA:46,0
DA:47,0
DA:49,0
DA:50,0
DA:52,0
LF:12
LH:0
BRDA:32,0,0,0
BRDA:32,0,1,0
BRDA:32,1,0,0
BRDA:32,1,1,0
BRDA:45,2,0,0
BRDA:45,2,1,0
BRF:6
BRH:0
end_of_record
TN:
SF:src\lib\logger.ts
FN:5,(anonymous_6)
FN:72,(anonymous_7)
FNF:2
FNH:0
FNDA:0,(anonymous_6)
FNDA:0,(anonymous_7)
DA:3,0
DA:5,0
DA:6,0
DA:7,0
DA:12,0
DA:14,0
DA:42,0
DA:43,0
DA:52,0
DA:63,0
DA:66,0
DA:71,0
DA:73,0
LF:13
LH:0
BRDA:6,0,0,0
BRDA:6,0,1,0
BRDA:7,1,0,0
BRDA:7,1,1,0
BRDA:15,2,0,0
BRDA:15,2,1,0
BRDA:15,3,0,0
BRDA:15,3,1,0
BRDA:20,4,0,0
BRDA:20,4,1,0
BRDA:24,5,0,0
BRDA:24,5,1,0
BRDA:28,6,0,0
BRDA:28,6,1,0
BRDA:42,7,0,0
BRDA:42,7,1,0
BRF:16
BRH:0
end_of_record
TN:
SF:src\lib\mailer.ts
FN:61,(anonymous_10)
FNF:1
FNH:0
FNDA:0,(anonymous_10)
DA:9,0
DA:12,0
DA:14,0
DA:15,0
DA:24,0
DA:27,0
DA:28,0
DA:34,0
DA:39,0
DA:57,0
DA:59,0
DA:62,0
DA:71,0
DA:90,0
DA:97,0
DA:98,0
DA:99,0
DA:102,0
LF:18
LH:0
BRDA:12,0,0,0
BRDA:12,0,1,0
BRDA:14,1,0,0
BRDA:14,1,1,0
BRDA:64,2,0,0
BRDA:64,2,1,0
BRDA:74,3,0,0
BRDA:74,3,1,0
BRDA:91,4,0,0
BRDA:91,4,1,0
BRDA:91,5,0,0
BRDA:91,5,1,0
BRDA:93,6,0,0
BRDA:93,6,1,0
BRDA:98,7,0,0
BRDA:98,7,1,0
BRF:16
BRH:0
end_of_record
TN:
SF:src\lib\prisma.ts
FNF:0
FNH:0
DA:3,0
DA:7,0
DA:9,0
DA:10,0
LF:4
LH:0
BRDA:7,0,0,0
BRDA:7,0,1,0
BRDA:7,1,0,0
BRDA:7,1,1,0
BRDA:9,2,0,0
BRDA:9,2,1,0
BRF:6
BRH:0
end_of_record
TN:
SF:src\lib\sentry.ts
FN:10,initSentry
FN:27,(anonymous_1)
FNF:2
FNH:0
FNDA:0,initSentry
FNDA:0,(anonymous_1)
DA:11,0
DA:13,0
DA:14,0
DA:15,0
DA:18,0
DA:28,0
DA:29,0
DA:31,0
DA:37,0
DA:44,0
LF:10
LH:0
BRDA:13,0,0,0
BRDA:13,0,1,0
BRDA:21,1,0,0
BRDA:21,1,1,0
BRDA:21,2,0,0
BRDA:21,2,1,0
BRDA:24,3,0,0
BRDA:24,3,1,0
BRDA:28,4,0,0
BRDA:28,4,1,0
BRDA:28,5,0,0
BRDA:28,5,1,0
BRDA:28,6,0,0
BRDA:28,6,1,0
BRDA:28,7,0,0
BRDA:28,7,1,0
BRF:16
BRH:0
end_of_record
TN:
SF:src\lib\swagger.ts
FNF:0
FNH:0
DA:3,0
DA:131,0
LF:2
LH:0
BRF:0
BRH:0
end_of_record
TN:
SF:src\middleware\auth.ts
FN:17,(anonymous_0)
FN:53,(anonymous_1)
FN:54,(anonymous_2)
FNF:3
FNH:0
FNDA:0,(anonymous_0)
FNDA:0,(anonymous_1)
FNDA:0,(anonymous_2)
DA:17,0
DA:22,0
DA:24,0
DA:25,0
DA:26,0
DA:29,0
DA:31,0
DA:32,0
DA:36,0
DA:37,0
DA:39,0
DA:40,0
DA:41,0
DA:43,0
DA:53,0
DA:54,0
DA:55,0
DA:57,0
DA:58,0
DA:59,0
DA:62,0
DA:63,0
DA:64,0
DA:67,0
LF:24
LH:0
BRDA:24,0,0,0
BRDA:24,0,1,0
BRDA:24,1,0,0
BRDA:24,1,1,0
BRDA:24,2,0,0
BRDA:24,2,1,0
BRDA:39,3,0,0
BRDA:39,3,1,0
BRDA:57,4,0,0
BRDA:57,4,1,0
BRDA:62,5,0,0
BRDA:62,5,1,0
BRF:12
BRH:0
end_of_record
TN:
SF:src\middleware\metrics.ts
FN:9,(anonymous_0)
FN:16,(anonymous_1)
FN:31,(anonymous_2)
FNF:3
FNH:0
FNDA:0,(anonymous_0)
FNDA:0,(anonymous_1)
FNDA:0,(anonymous_2)
DA:9,0
DA:14,0
DA:16,0
DA:17,0
DA:18,0
DA:21,0
DA:36,0
LF:7
LH:0
BRDA:18,0,0,0
BRDA:18,0,1,0
BRDA:18,1,0,0
BRDA:18,1,1,0
BRDA:18,2,0,0
BRDA:18,2,1,0
BRDA:18,3,0,0
BRDA:18,3,1,0
BRF:8
BRH:0
end_of_record
TN:
SF:src\middleware\performance.ts
FN:14,performanceMiddleware
FN:21,(anonymous_1)
FNF:2
FNH:0
FNDA:0,performanceMiddleware
FNDA:0,(anonymous_1)
DA:19,0
DA:21,0
DA:22,0
DA:23,0
DA:24,0
DA:27,0
DA:28,0
DA:30,0
DA:39,0
DA:40,0
DA:41,0
DA:42,0
DA:43,0
DA:44,0
DA:48,0
LF:15
LH:0
BRDA:35,0,0,0
BRDA:35,0,1,0
BRDA:35,1,0,0
BRDA:35,1,1,0
BRDA:36,2,0,0
BRDA:36,2,1,0
BRDA:36,3,0,0
BRDA:36,3,1,0
BRDA:39,4,0,0
BRDA:39,4,1,0
BRDA:41,5,0,0
BRDA:41,5,1,0
BRDA:43,6,0,0
BRDA:43,6,1,0
BRF:14
BRH:0
end_of_record
TN:
SF:src\middleware\rateLimiter.ts
FNF:0
FNH:0
DA:8,0
LF:1
LH:0
BRF:0
BRH:0
end_of_record
TN:
SF:src\middleware\validate.ts
FN:7,(anonymous_0)
FN:8,(anonymous_1)
FN:16,(anonymous_2)
FN:31,(anonymous_3)
FN:32,(anonymous_4)
FN:40,(anonymous_5)
FNF:6
FNH:0
FNDA:0,(anonymous_0)
FNDA:0,(anonymous_1)
FNDA:0,(anonymous_2)
FNDA:0,(anonymous_3)
FNDA:0,(anonymous_4)
FNDA:0,(anonymous_5)
DA:7,0
DA:8,0
DA:9,0
DA:10,0
DA:11,0
DA:13,0
DA:14,0
DA:16,0
DA:21,0
DA:23,0
DA:31,0
DA:32,0
DA:33,0
DA:34,0
DA:35,0
DA:37,0
DA:38,0
DA:40,0
DA:45,0
DA:47,0
LF:20
LH:0
BRDA:13,0,0,0
BRDA:13,0,1,0
BRDA:37,1,0,0
BRDA:37,1,1,0
BRF:4
BRH:0
end_of_record
TN:
SF:src\routes\auditLogRoutes.ts
FNF:0
FNH:0
DA:7,0
DA:42,0
LF:2
LH:0
BRF:0
BRH:0
end_of_record
TN:
SF:src\routes\authRoutes.ts
FNF:0
FNH:0
DA:18,0
DA:44,0
DA:69,0
DA:93,0
DA:107,0
DA:129,0
LF:6
LH:0
BRF:0
BRH:0
end_of_record
TN:
SF:src\routes\dashboardRoutes.ts
FNF:0
FNH:0
DA:11,0
DA:23,0
DA:35,0
DA:51,0
DA:70,0
DA:82,0
DA:103,0
LF:7
LH:0
BRF:0
BRH:0
end_of_record
TN:
SF:src\routes\expenseRoutes.ts
FNF:0
FNH:0
DA:16,0
DA:52,0
DA:100,0
LF:3
LH:0
BRF:0
BRH:0
end_of_record
TN:
SF:src\routes\importRoutes.ts
FNF:0
FNH:0
DA:11,0
DA:43,0
DA:78,0
DA:104,0
LF:4
LH:0
BRF:0
BRH:0
end_of_record
TN:
SF:src\routes\metricsRoutes.ts
FNF:0
FNH:0
DA:5,0
DA:28,0
LF:2
LH:0
BRF:0
BRH:0
end_of_record
TN:
SF:src\routes\orderRoutes.ts
FNF:0
FNH:0
DA:17,0
DA:67,0
DA:111,0
DA:144,0
LF:4
LH:0
BRF:0
BRH:0
end_of_record
TN:
SF:src\routes\productRoutes.ts
FNF:0
FNH:0
DA:17,0
DA:62,0
DA:84,0
DA:134,0
LF:4
LH:0
BRF:0
BRH:0
end_of_record
TN:
SF:src\routes\purchaseRoutes.ts
FNF:0
FNH:0
DA:16,0
DA:53,0
DA:101,0
LF:3
LH:0
BRF:0
BRH:0
end_of_record
TN:
SF:src\routes\salesRoutes.ts
FNF:0
FNH:0
DA:16,0
DA:53,0
DA:101,0
LF:3
LH:0
BRF:0
BRH:0
end_of_record
TN:
SF:src\routes\supplierRoutes.ts
FNF:0
FNH:0
DA:17,0
DA:62,0
DA:130,0
LF:3
LH:0
BRF:0
BRH:0
end_of_record
TN:
SF:src\routes\userRoutes.ts
FNF:0
FNH:0
DA:16,0
DA:55,0
DA:103,0
LF:3
LH:0
BRF:0
BRH:0
end_of_record
TN:
SF:src\routes\warehouseRoutes.ts
FNF:0
FNH:0
DA:21,0
DA:64,0
DA:119,0
DA:160,0
DA:194,0
LF:5
LH:0
BRF:0
BRH:0
end_of_record
